[2018-02-04 03:50:25,747] DEBUG    PluginManager Loading plugin: AnnounceZero
[2018-02-04 03:50:25,758] DEBUG    PluginManager New plugin registered to: Site
[2018-02-04 03:50:25,758] DEBUG    PluginManager Loading plugin: Bigfile
[2018-02-04 03:50:25,797] DEBUG    PluginManager New plugin registered to: UiRequest
[2018-02-04 03:50:25,809] DEBUG    PluginManager New plugin registered to: UiWebsocket
[2018-02-04 03:50:25,810] DEBUG    PluginManager New plugin registered to: ContentManager
[2018-02-04 03:50:25,810] DEBUG    PluginManager New plugin registered to: SiteStorage
[2018-02-04 03:50:25,810] DEBUG    PluginManager New plugin registered to: WorkerManager
[2018-02-04 03:50:25,810] DEBUG    PluginManager New plugin registered to: FileRequest
[2018-02-04 03:50:25,810] DEBUG    PluginManager New plugin registered to: Peer
[2018-02-04 03:50:25,810] DEBUG    PluginManager New plugin registered to: Site
[2018-02-04 03:50:25,810] DEBUG    PluginManager New plugin registered to: ConfigPlugin
[2018-02-04 03:50:25,811] DEBUG    PluginManager Loading plugin: Chart
[2018-02-04 03:50:25,849] DEBUG    Db:Chart Connected to data/chart.db in 0.001s (opened: 1, sqlite version: 2.6.0)...
[2018-02-04 03:50:25,849] DEBUG    Db:Chart Db check done in 0.001s, changed tables: []
[2018-02-04 03:50:25,859] DEBUG    PluginManager New plugin registered to: SiteManager
[2018-02-04 03:50:25,859] DEBUG    PluginManager New plugin registered to: UiWebsocket
[2018-02-04 03:50:25,859] DEBUG    PluginManager Loading plugin: Cors
[2018-02-04 03:50:25,896] DEBUG    - Loaded translate file: src/Translate/languages/de.json (44 entries)
[2018-02-04 03:50:25,896] DEBUG    - Translate file not exists: plugins/Cors/languages/de.json
[2018-02-04 03:50:25,897] DEBUG    PluginManager New plugin registered to: UiWebsocket
[2018-02-04 03:50:25,897] DEBUG    PluginManager New plugin registered to: UiRequest
[2018-02-04 03:50:25,897] DEBUG    PluginManager Loading plugin: CryptMessage
[2018-02-04 03:50:25,995] DEBUG    - Opening libssl.so.1.0.0...
[2018-02-04 03:50:25,995] DEBUG    - Disabled SSL compression on <CDLL 'libssl.so.1.0.0', handle f61800 at 13a93d0>
[2018-02-04 03:50:25,996] DEBUG    - Python SSL version: OpenSSL 1.0.1t  3 May 2016
[2018-02-04 03:50:26,019] DEBUG    - opensslVerify loaded: <CDLL 'libssl.so.1.0.0', handle f61800 at 134db10>
[2018-02-04 03:50:26,021] INFO     - OpenSSL loaded, version: 01000114F
[2018-02-04 03:50:26,030] DEBUG    PluginManager New plugin registered to: UiWebsocket
[2018-02-04 03:50:26,031] DEBUG    PluginManager New plugin registered to: User
[2018-02-04 03:50:26,031] DEBUG    PluginManager Loading plugin: FilePack
[2018-02-04 03:50:26,043] DEBUG    PluginManager New plugin registered to: UiRequest
[2018-02-04 03:50:26,043] DEBUG    PluginManager New plugin registered to: SiteStorage
[2018-02-04 03:50:26,044] DEBUG    PluginManager Loading plugin: MergerSite
[2018-02-04 03:50:26,060] DEBUG    PluginManager New plugin registered to: ContentDb
[2018-02-04 03:50:26,060] DEBUG    PluginManager New plugin registered to: WorkerManager
[2018-02-04 03:50:26,060] DEBUG    PluginManager New plugin registered to: UiRequest
[2018-02-04 03:50:26,060] DEBUG    PluginManager New plugin registered to: FileRequest
[2018-02-04 03:50:26,060] DEBUG    PluginManager New plugin registered to: Site
[2018-02-04 03:50:26,061] DEBUG    PluginManager New plugin registered to: ConfigPlugin
[2018-02-04 03:50:26,061] DEBUG    - Translate file not exists: plugins/OptionalManager/languages/de.json
[2018-02-04 03:50:26,061] DEBUG    PluginManager New plugin registered to: UiWebsocket
[2018-02-04 03:50:26,073] DEBUG    - Translate file not exists: plugins/MergerSite/languages/de.json
[2018-02-04 03:50:26,073] DEBUG    PluginManager New plugin registered to: UiWebsocket
[2018-02-04 03:50:26,073] DEBUG    PluginManager New plugin registered to: UiRequest
[2018-02-04 03:50:26,078] DEBUG    PluginManager New plugin registered to: SiteStorage
[2018-02-04 03:50:26,078] DEBUG    PluginManager New plugin registered to: Site
[2018-02-04 03:50:26,078] DEBUG    PluginManager New plugin registered to: SiteManager
[2018-02-04 03:50:26,078] DEBUG    PluginManager Loading plugin: Mute
[2018-02-04 03:50:26,083] DEBUG    - Translate file not exists: plugins/Mute/languages/de.json
[2018-02-04 03:50:26,083] DEBUG    PluginManager New plugin registered to: UiWebsocket
[2018-02-04 03:50:26,083] DEBUG    PluginManager New plugin registered to: SiteStorage
[2018-02-04 03:50:26,083] DEBUG    PluginManager New plugin registered to: UiRequest
[2018-02-04 03:50:26,083] DEBUG    PluginManager Loading plugin: Newsfeed
[2018-02-04 03:50:26,093] DEBUG    PluginManager New plugin registered to: UiWebsocket
[2018-02-04 03:50:26,094] DEBUG    PluginManager New plugin registered to: User
[2018-02-04 03:50:26,094] DEBUG    PluginManager Loading plugin: OptionalManager
[2018-02-04 03:50:26,094] DEBUG    PluginManager Loading plugin: PeerDb
[2018-02-04 03:50:26,095] DEBUG    PluginManager New plugin registered to: ContentDb
[2018-02-04 03:50:26,095] DEBUG    PluginManager Loading plugin: Sidebar
[2018-02-04 03:50:26,134] DEBUG    - Loaded translate file: plugins/Sidebar/languages/de.json (65 entries)
[2018-02-04 03:50:26,134] DEBUG    PluginManager New plugin registered to: UiRequest
[2018-02-04 03:50:26,134] DEBUG    PluginManager New plugin registered to: UiWebsocket
[2018-02-04 03:50:26,135] DEBUG    PluginManager Loading plugin: Stats
[2018-02-04 03:50:26,136] DEBUG    PluginManager New plugin registered to: UiRequest
[2018-02-04 03:50:26,136] DEBUG    PluginManager Loading plugin: TranslateSite
[2018-02-04 03:50:26,137] DEBUG    PluginManager New plugin registered to: UiRequest
[2018-02-04 03:50:26,150] DEBUG    PluginManager Loading plugin: Trayicon
[2018-02-04 03:50:26,151] DEBUG    PluginManager Loading plugin: Zeroname
[2018-02-04 03:50:26,152] DEBUG    PluginManager New plugin registered to: UiRequest
[2018-02-04 03:50:26,153] DEBUG    PluginManager New plugin registered to: ConfigPlugin
[2018-02-04 03:50:26,153] DEBUG    PluginManager New plugin registered to: SiteManager
[2018-02-04 03:50:26,154] DEBUG    PluginManager New class accepts plugins: Peer (Loaded plugins: [<class 'Bigfile.BigfilePlugin.PeerPlugin'>, <class 'Peer.Peer.Peer'>])
[2018-02-04 03:50:26,167] DEBUG    PluginManager New class accepts plugins: ContentDb (Loaded plugins: [<class 'PeerDb.PeerDbPlugin.ContentDbPlugin'>, <class 'OptionalManager.ContentDbPlugin.ContentDbPlugin'>, <class 'Content.ContentDb.ContentDb'>])
[2018-02-04 03:50:26,172] DEBUG    Db:ContentDb Connected to data/content.db in 0.004s (opened: 2, sqlite version: 2.6.0)...
[2018-02-04 03:50:26,172] DEBUG    Db:ContentDb Db check done in 0.000s, changed tables: []
[2018-02-04 03:50:26,183] DEBUG    PluginManager New class accepts plugins: ContentManager (Loaded plugins: [<class 'Bigfile.BigfilePlugin.ContentManagerPlugin'>, <class 'Content.ContentManager.ContentManager'>])
[2018-02-04 03:50:26,183] DEBUG    PluginManager New class accepts plugins: ConfigPlugin (Loaded plugins: [<class 'Zeroname.UiRequestPlugin.ConfigPlugin'>, <class 'OptionalManager.OptionalManagerPlugin.ConfigPlugin'>, <class 'Bigfile.BigfilePlugin.ConfigPlugin'>, <class 'Config.ConfigPlugin'>])
[2018-02-04 03:50:26,194] DEBUG    - Config: Config(action='main', autodownload_bigfile_size_limit=1, batch=False, bind=None, bit_resolver='1Name2NXVi1RDPDgf5617UoW7xA6YrhM9F', coffeescript_compiler=None, config_file='zeronet.conf', connected_limit=8, data_dir='data', db_mode='speed', debug=False, debug_socket=False, disable_db=False, disable_encryption=False, disable_sslcompression=True, disable_udp=False, download_optional='manual', end=True, file_size_limit=10, fileserver_ip='*', fileserver_port=15441, fix_float_decimals=False, global_connected_limit=512, homepage='1Jwmx33xCtuRe2UReHHxkritZ1nfuyXrrc', i2p='enable', i2p_bob_server='127.0.0.1:2827', i2p_controller='127.0.0.1:1234', i2p_cookiefile_path='/myservices/tor/control_auth_cookie', i2p_debug=False, i2p_hs_limit=10, i2p_http_proxy='127.0.0.1:4444', i2p_port_range_faktor=10, i2p_socks_proxy='127.0.0.1:1080', i2p_start=False, ip_external=None, ip_local=['127.0.0.1'], keep_ssl_cert=False, language='de', log_dir='log', max_files_opened=2048, msgpack_purepython=False, open_browser=None, optional_limit='10%', pin_bigfile=20, proxy=None, silent=False, size_limit=10, stack_size=None, stream_downloads=False, tor='enable', tor_controller='127.0.0.1:9051', tor_hs_limit=10, tor_password=None, tor_proxy='127.0.0.1:9050', trackers=['http://retracker.spark-rostov.ru:80/announce', 'http://explodie.org:6969/announce', 'http://tracker.opentrackr.org:1337/announce', 'udp://9.rarbg.com:2710', 'udp://tracker.leechers-paradise.org:6969', 'udp://tracker.coppersurfer.tk:6969', 'zero://zero.booth.moe#f36ca555bee6ba216b14d10f38c16f7769ff064e0e37d887603548cc2e64191d:15441', 'zero://boot3rdez4rzn36x.onion:15441'], trackers_file=False, ui_host=None, ui_ip='127.0.0.1', ui_port=43110, ui_restrict=False, updatesite='1KVLauCV3Ag9ZPry9cr1WvKQcyaev8gG2m', use_openssl=True, use_tempfiles=False, verbose=False, workers=5)
[2018-02-04 03:50:26,194] INFO     - Version: 0.6.1 r3234, Python 2.7.3 (default, Jun 21 2016, 18:38:19) 
[GCC 4.7.2], Gevent: 1.2.2
[2018-02-04 03:50:26,203] DEBUG    PluginManager New class accepts plugins: FileRequest (Loaded plugins: [<class 'OptionalManager.OptionalManagerPlugin.FileRequestPlugin'>, <class 'Bigfile.BigfilePlugin.FileRequestPlugin'>, <class 'File.FileRequest.FileRequest'>])
[2018-02-04 03:50:26,222] DEBUG    PluginManager New class accepts plugins: WorkerManager (Loaded plugins: [<class 'OptionalManager.OptionalManagerPlugin.WorkerManagerPlugin'>, <class 'Bigfile.BigfilePlugin.WorkerManagerPlugin'>, <class 'Worker.WorkerManager.WorkerManager'>])
[2018-02-04 03:50:26,223] DEBUG    PluginManager New class accepts plugins: SiteStorage (Loaded plugins: [<class 'Mute.MutePlugin.SiteStoragePlugin'>, <class 'MergerSite.MergerSitePlugin.SiteStoragePlugin'>, <class 'FilePack.FilePackPlugin.SiteStoragePlugin'>, <class 'Bigfile.BigfilePlugin.SiteStoragePlugin'>, <class 'Site.SiteStorage.SiteStorage'>])
[2018-02-04 03:50:26,224] DEBUG    PluginManager New class accepts plugins: SiteManager (Loaded plugins: [<class 'Zeroname.SiteManagerPlugin.SiteManagerPlugin'>, <class 'MergerSite.MergerSitePlugin.SiteManagerPlugin'>, <class 'Chart.ChartPlugin.SiteManagerPlugin'>, <class 'Site.SiteManager.SiteManager'>])
[2018-02-04 03:50:26,224] DEBUG    SiteManager SiteManager created.
[2018-02-04 03:50:26,225] DEBUG    PluginManager New class accepts plugins: Site (Loaded plugins: [<class 'MergerSite.MergerSitePlugin.SitePlugin'>, <class 'OptionalManager.OptionalManagerPlugin.SitePlugin'>, <class 'Bigfile.BigfilePlugin.SitePlugin'>, <class 'AnnounceZero.AnnounceZeroPlugin.SitePlugin'>, <class 'Site.Site.Site'>])
[2018-02-04 03:50:26,313] DEBUG    PluginManager New class accepts plugins: User (Loaded plugins: [<class 'Newsfeed.NewsfeedPlugin.UserPlugin'>, <class 'CryptMessage.CryptMessagePlugin.UserPlugin'>, <class 'User.User.User'>])
[2018-02-04 03:50:26,331] DEBUG    PluginManager New class accepts plugins: UiWebsocket (Loaded plugins: [<class 'Sidebar.SidebarPlugin.UiWebsocketPlugin'>, <class 'Newsfeed.NewsfeedPlugin.UiWebsocketPlugin'>, <class 'Mute.MutePlugin.UiWebsocketPlugin'>, <class 'MergerSite.MergerSitePlugin.UiWebsocketPlugin'>, <class 'OptionalManager.UiWebsocketPlugin.UiWebsocketPlugin'>, <class 'CryptMessage.CryptMessagePlugin.UiWebsocketPlugin'>, <class 'Cors.CorsPlugin.UiWebsocketPlugin'>, <class 'Chart.ChartPlugin.UiWebsocketPlugin'>, <class 'Bigfile.BigfilePlugin.UiWebsocketPlugin'>, <class 'Ui.UiWebsocket.UiWebsocket'>])
[2018-02-04 03:50:26,332] DEBUG    PluginManager New class accepts plugins: UiRequest (Loaded plugins: [<class 'Zeroname.UiRequestPlugin.UiRequestPlugin'>, <class 'TranslateSite.TranslateSitePlugin.UiRequestPlugin'>, <class 'Stats.StatsPlugin.UiRequestPlugin'>, <class 'Sidebar.SidebarPlugin.UiRequestPlugin'>, <class 'Mute.MutePlugin.UiRequestPlugin'>, <class 'MergerSite.MergerSitePlugin.UiRequestPlugin'>, <class 'OptionalManager.OptionalManagerPlugin.UiRequestPlugin'>, <class 'FilePack.FilePackPlugin.UiRequestPlugin'>, <class 'Cors.CorsPlugin.UiRequestPlugin'>, <class 'Bigfile.BigfilePlugin.UiRequestPlugin'>, <class 'Ui.UiRequest.UiRequest'>])
[2018-02-04 03:50:26,332] INFO     - Creating FileServer....
[2018-02-04 03:50:26,339] INFO     TorManager Connecting to Tor Controller 127.0.0.1:9051
[2018-02-04 03:50:26,373] DEBUG    - Gevent block checker started
[2018-02-04 03:50:26,382] DEBUG    TorManager > PROTOCOLINFO
[2018-02-04 03:50:29,026] DEBUG    TorManager < 250-PROTOCOLINFO 1
250-AUTH METHODS=COOKIE,SAFECOOKIE COOKIEFILE="/myservices/tor/control_auth_cookie"
250-VERSION Tor="0.2.7.5"
250 OK
[2018-02-04 03:50:29,027] DEBUG    TorManager > AUTHENTICATE 198d06de93e200899bd8460164c9cd1e47fdb83d6fd263f7e595ed877da98b88
[2018-02-04 03:50:29,659] DEBUG    TorManager < 250 OK
[2018-02-04 03:50:29,659] DEBUG    TorManager > GETINFO version
[2018-02-04 03:50:29,667] DEBUG    TorManager < 250-version=0.2.7.5
250 OK
[2018-02-04 03:50:29,668] DEBUG    TorManager Tor proxy port 127.0.0.1:9050 check ok
[2018-02-04 03:50:29,668] INFO     I2PManager Connecting to I2P Controller 127.0.0.1:1234
[2018-02-04 03:50:29,670] DEBUG    I2PManager > PROTOCOLINFO
[2018-02-04 03:50:29,710] DEBUG    I2PManager < Welcome to the server.
250-PROTOCOLINFO 1
250-AUTH METHODS=COOKIE,SAFECOOKIE COOKIEFILE="/myservices/tor/control_auth_cookie.i2p.auth"
250-VERSION Tor="0.2.7.5"
250 OK
[2018-02-04 03:50:29,767] DEBUG    I2PManager > AUTHENTICATE 6562383434323435663463356231643663353261386532393866346434373466
[2018-02-04 03:52:30,502] ERROR    - Unhandled exception
None
